<?xml version="1.0" encoding="UTF-8"?>
<!-- Generated by org.testng.reporters.JUnitReportReporter -->
<testsuite hostname="DESKTOP-TFJ7QCV" failures="0" tests="1" name="testpackage.Testclass" time="0.588" errors="0" timestamp="2022-11-07T10:14:48 IST" skipped="0">
  <testcase classname="testpackage.Testclass" name="homepage_keysenter" time="0.588"/>
  <system-out/>
</testsuite> <!-- testpackage.Testclass -->
